<!DOCTYPE html PUBLIC "-//W3C//DTD XHTML 1.1//EN" "http://www.w3.org/TR/xhtml11/DTD/xhtml11.dtd">
<html xmlns="http://www.w3.org/1999/xhtml"><head><title>TestNG Report</title><style type="text/css">table {margin-bottom:10px;border-collapse:collapse;empty-cells:show}th,td {border:1px solid #009;padding:.25em .5em}th {vertical-align:bottom}td {vertical-align:top}table a {font-weight:bold}.stripe td {background-color: #E6EBF9}.num {text-align:right}.passedodd td {background-color: #3F3}.passedeven td {background-color: #0A0}.skippedodd td {background-color: #DDD}.skippedeven td {background-color: #CCC}.failedodd td,.attn {background-color: #F33}.failedeven td,.stripe .attn {background-color: #D00}.stacktrace {white-space:pre;font-family:monospace}.totop {font-size:85%;text-align:center;border-bottom:2px solid #000}</style></head><body><table><tr><th>Test</th><th># Passed</th><th># Skipped</th><th># Failed</th><th>Time (ms)</th><th>Included Groups</th><th>Excluded Groups</th></tr><tr><th colspan="7">Suite</th></tr><tr><td><a href="#t0">FoxTest</a></td><td class="num">5</td><td class="num">0</td><td class="num">0</td><td class="num">254,391</td><td></td><td></td></tr><tr class="stripe"><td><a href="#t1">ChromeTest</a></td><td class="num">2</td><td class="num">0</td><td class="num">0</td><td class="num">97,389</td><td></td><td></td></tr><tr><td><a href="#t2">OperaTest</a></td><td class="num">1</td><td class="num">0</td><td class="num attn">1</td><td class="num">791,370</td><td></td><td></td></tr><tr class="stripe"><td><a href="#t3">IETest</a></td><td class="num">4</td><td class="num">0</td><td class="num attn">1</td><td class="num">121,400</td><td></td><td></td></tr><tr><th>Total</th><th class="num">12</th><th class="num">0</th><th class="num attn">2</th><th class="num">1,264,550</th><th colspan="2"></th></tr></table><table id='summary'><thead><tr><th>Class</th><th>Method</th><th>Start</th><th>Time (ms)</th></tr></thead><tbody><tr><th colspan="4">Suite</th></tr></tbody><tbody id="t0"><tr><th colspan="4">FoxTest &#8212; passed</th></tr><tr class="passedeven"><td rowspan="4">Pages.RunHomeAndLogin</td><td><a href="#m0">addressPage</a></td><td rowspan="1">1495488756221</td><td rowspan="1">31028</td></tr><tr class="passedeven"><td><a href="#m1">homePage</a></td><td rowspan="1">1495488727754</td><td rowspan="1">18824</td></tr><tr class="passedeven"><td><a href="#m2">loginPage</a></td><td rowspan="1">1495488671694</td><td rowspan="1">56045</td></tr><tr class="passedeven"><td><a href="#m3">orderPage</a></td><td rowspan="1">1495488746586</td><td rowspan="1">9632</td></tr><tr class="passedodd"><td rowspan="1">Runners.autoRunnerFox</td><td><a href="#m4">feature</a></td><td rowspan="1">1495488539567</td><td rowspan="1">131834</td></tr></tbody><tbody id="t1"><tr><th colspan="4">ChromeTest &#8212; passed</th></tr><tr class="passedeven"><td rowspan="1">Runners.autoRunnerChrome</td><td><a href="#m5">feature</a></td><td rowspan="1">1495488787633</td><td rowspan="1">54367</td></tr><tr class="passedodd"><td rowspan="1">com.dtt.tests.dttRun</td><td><a href="#m6">feature</a></td><td rowspan="1">1495488842984</td><td rowspan="1">41834</td></tr></tbody><tbody id="t2"><tr><th colspan="4">OperaTest &#8212; failed</th></tr><tr class="failedeven"><td rowspan="1">com.dtt.tests.dttPOMRunner</td><td><a href="#m7">feature</a></td><td rowspan="1">1495488885292</td><td rowspan="1">115082</td></tr><tr><th colspan="4">OperaTest &#8212; passed</th></tr><tr class="passedeven"><td rowspan="1">Runners.AddAddressRunner</td><td><a href="#m8">feature</a></td><td rowspan="1">1495489000653</td><td rowspan="1">675781</td></tr></tbody><tbody id="t3"><tr><th colspan="4">IETest &#8212; failed</th></tr><tr class="failedeven"><td rowspan="1">Runners.autoRunnerIE</td><td><a href="#m9">feature</a></td><td rowspan="1">1495489676864</td><td rowspan="1">17383</td></tr><tr><th colspan="4">IETest &#8212; passed</th></tr><tr class="passedeven"><td rowspan="4">Pages.RunHomeAndLogin</td><td><a href="#m10">addressPage</a></td><td rowspan="1">1495489768312</td><td rowspan="1">29681</td></tr><tr class="passedeven"><td><a href="#m11">homePage</a></td><td rowspan="1">1495489740205</td><td rowspan="1">18901</td></tr><tr class="passedeven"><td><a href="#m12">loginPage</a></td><td rowspan="1">1495489694331</td><td rowspan="1">45868</td></tr><tr class="passedeven"><td><a href="#m13">orderPage</a></td><td rowspan="1">1495489759115</td><td rowspan="1">9193</td></tr></tbody></table><h2>FoxTest</h2><h3 id="m0">Pages.RunHomeAndLogin#addressPage</h3><table class="result"></table><p class="totop"><a href="#summary">back to summary</a></p><h3 id="m1">Pages.RunHomeAndLogin#homePage</h3><table class="result"></table><p class="totop"><a href="#summary">back to summary</a></p><h3 id="m2">Pages.RunHomeAndLogin#loginPage</h3><table class="result"></table><p class="totop"><a href="#summary">back to summary</a></p><h3 id="m3">Pages.RunHomeAndLogin#orderPage</h3><table class="result"></table><p class="totop"><a href="#summary">back to summary</a></p><h3 id="m4">Runners.autoRunnerFox#feature</h3><table class="result"><tr class="param"><th>Parameter #1</th></tr><tr class="param stripe"><td>Login and out of automation Practice website.</td></tr></table><p class="totop"><a href="#summary">back to summary</a></p><h2>ChromeTest</h2><h3 id="m5">Runners.autoRunnerChrome#feature</h3><table class="result"><tr class="param"><th>Parameter #1</th></tr><tr class="param stripe"><td>Login and out of automation Practice website.</td></tr></table><p class="totop"><a href="#summary">back to summary</a></p><h3 id="m6">com.dtt.tests.dttRun#feature</h3><table class="result"><tr class="param"><th>Parameter #1</th></tr><tr class="param stripe"><td>Login and Out of DTT Site</td></tr></table><p class="totop"><a href="#summary">back to summary</a></p><h2>OperaTest</h2><h3 id="m7">com.dtt.tests.dttPOMRunner#feature</h3><table class="result"><tr class="param"><th>Parameter #1</th></tr><tr class="param stripe"><td>Login to dt&amp;t site and assert Page contents</td></tr><tr><th>Exception</th></tr><tr><td><div class="stacktrace">cucumber.runtime.CucumberException: org.openqa.selenium.NoSuchElementException: Unable to find element with id == txtEmail (WARNING: The server did not provide any stacktrace information)
Command duration or timeout: 7.32 seconds
For documentation on this error, please visit: http://seleniumhq.org/exceptions/no_such_element.html
Build info: version: &apos;3.4.0&apos;, revision: &apos;unknown&apos;, time: &apos;unknown&apos;
System info: host: &apos;NASATIC-ACER&apos;, ip: &apos;192.168.1.5&apos;, os.name: &apos;Windows 10&apos;, os.arch: &apos;amd64&apos;, os.version: &apos;10.0&apos;, java.version: &apos;1.8.0_121&apos;
Driver info: org.openqa.selenium.ie.InternetExplorerDriver
Capabilities [{browserAttachTimeout=0.0, ie.enableFullPageScreenshot=true, enablePersistentHover=true, ie.forceCreateProcessApi=false, ie.forceShellWindowsApi=false, pageLoadStrategy=normal, ignoreZoomSetting=false, ie.fileUploadDialogTimeout=3000.0, version=11, platform=WINDOWS, nativeEvents=true, ie.ensureCleanSession=false, elementScrollBehavior=0.0, ie.browserCommandLineSwitches=, requireWindowFocus=false, browserName=internet explorer, initialBrowserUrl=http://localhost:20290/, javascriptEnabled=true, ignoreProtectedModeSettings=true, enableElementCacheCleanup=true, unexpectedAlertBehaviour=dismiss}]
Session ID: 8277e340-0ecb-4f9c-aac1-1d1816bc5a38
*** Element info: {Using=id, value=txtEmail}
	at cucumber.api.testng.TestNGCucumberRunner.runCucumber(TestNGCucumberRunner.java:69)
	at cucumber.api.testng.AbstractTestNGCucumberTests.feature(AbstractTestNGCucumberTests.java:21)
Caused by: org.openqa.selenium.NoSuchElementException: Unable to find element with id == txtEmail (WARNING: The server did not provide any stacktrace information)
Command duration or timeout: 7.32 seconds
For documentation on this error, please visit: http://seleniumhq.org/exceptions/no_such_element.html
Build info: version: &apos;3.4.0&apos;, revision: &apos;unknown&apos;, time: &apos;unknown&apos;
System info: host: &apos;NASATIC-ACER&apos;, ip: &apos;192.168.1.5&apos;, os.name: &apos;Windows 10&apos;, os.arch: &apos;amd64&apos;, os.version: &apos;10.0&apos;, java.version: &apos;1.8.0_121&apos;
Driver info: org.openqa.selenium.ie.InternetExplorerDriver
Capabilities [{browserAttachTimeout=0.0, ie.enableFullPageScreenshot=true, enablePersistentHover=true, ie.forceCreateProcessApi=false, ie.forceShellWindowsApi=false, pageLoadStrategy=normal, ignoreZoomSetting=false, ie.fileUploadDialogTimeout=3000.0, version=11, platform=WINDOWS, nativeEvents=true, ie.ensureCleanSession=false, elementScrollBehavior=0.0, ie.browserCommandLineSwitches=, requireWindowFocus=false, browserName=internet explorer, initialBrowserUrl=http://localhost:20290/, javascriptEnabled=true, ignoreProtectedModeSettings=true, enableElementCacheCleanup=true, unexpectedAlertBehaviour=dismiss}]
Session ID: 8277e340-0ecb-4f9c-aac1-1d1816bc5a38
*** Element info: {Using=id, value=txtEmail}
	at org.openqa.selenium.remote.ErrorHandler.createThrowable(ErrorHandler.java:215)
	at org.openqa.selenium.remote.ErrorHandler.throwIfResponseFailed(ErrorHandler.java:167)
	at org.openqa.selenium.remote.RemoteWebDriver.execute(RemoteWebDriver.java:671)
	at org.openqa.selenium.remote.RemoteWebDriver.findElement(RemoteWebDriver.java:410)
	at org.openqa.selenium.remote.RemoteWebDriver.findElementById(RemoteWebDriver.java:453)
	at org.openqa.selenium.By$ById.findElement(By.java:218)
	at org.openqa.selenium.remote.RemoteWebDriver.findElement(RemoteWebDriver.java:402)
	at com.dtt.tests.dttLoginPage.sendEmailandPword(dttLoginPage.java:32)
	at StepDef.dttPOMStepDef.user_is_still_logged_on(dttPOMStepDef.java:69)
	at ?.Given user is still logged on(src/test/java/Feat/dttPOM.feature:12)
... Removed 29 stack frames</div></td></tr></table><p class="totop"><a href="#summary">back to summary</a></p><h3 id="m8">Runners.AddAddressRunner#feature</h3><table class="result"><tr class="param"><th>Parameter #1</th></tr><tr class="param stripe"><td>Registered Users Can Add and delete added Address.</td></tr></table><p class="totop"><a href="#summary">back to summary</a></p><h2>IETest</h2><h3 id="m9">Runners.autoRunnerIE#feature</h3><table class="result"><tr class="param"><th>Parameter #1</th></tr><tr class="param stripe"><td>Login and out of automation Practice website.</td></tr><tr><th>Exception</th></tr><tr><td><div class="stacktrace">cucumber.runtime.CucumberException: org.openqa.selenium.NoSuchElementException: Unable to find element with xpath == //a[contains(text(),&apos;Sign in&apos;)] (WARNING: The server did not provide any stacktrace information)
Command duration or timeout: 7.11 seconds
For documentation on this error, please visit: http://seleniumhq.org/exceptions/no_such_element.html
Build info: version: &apos;3.4.0&apos;, revision: &apos;unknown&apos;, time: &apos;unknown&apos;
System info: host: &apos;NASATIC-ACER&apos;, ip: &apos;192.168.1.5&apos;, os.name: &apos;Windows 10&apos;, os.arch: &apos;amd64&apos;, os.version: &apos;10.0&apos;, java.version: &apos;1.8.0_121&apos;
Driver info: org.openqa.selenium.ie.InternetExplorerDriver
Capabilities [{browserAttachTimeout=0.0, ie.enableFullPageScreenshot=true, enablePersistentHover=true, ie.forceCreateProcessApi=false, ie.forceShellWindowsApi=false, pageLoadStrategy=normal, ignoreZoomSetting=false, ie.fileUploadDialogTimeout=3000.0, version=11, platform=WINDOWS, nativeEvents=true, ie.ensureCleanSession=false, elementScrollBehavior=0.0, ie.browserCommandLineSwitches=, requireWindowFocus=false, browserName=internet explorer, initialBrowserUrl=http://localhost:10481/, javascriptEnabled=true, ignoreProtectedModeSettings=true, enableElementCacheCleanup=true, unexpectedAlertBehaviour=dismiss}]
Session ID: 19795708-6f41-49c9-9e21-2c9baa48e350
*** Element info: {Using=xpath, value=//a[contains(text(),&apos;Sign in&apos;)]}
	at cucumber.api.testng.TestNGCucumberRunner.runCucumber(TestNGCucumberRunner.java:69)
	at cucumber.api.testng.AbstractTestNGCucumberTests.feature(AbstractTestNGCucumberTests.java:21)
Caused by: org.openqa.selenium.NoSuchElementException: Unable to find element with xpath == //a[contains(text(),&apos;Sign in&apos;)] (WARNING: The server did not provide any stacktrace information)
Command duration or timeout: 7.11 seconds
For documentation on this error, please visit: http://seleniumhq.org/exceptions/no_such_element.html
Build info: version: &apos;3.4.0&apos;, revision: &apos;unknown&apos;, time: &apos;unknown&apos;
System info: host: &apos;NASATIC-ACER&apos;, ip: &apos;192.168.1.5&apos;, os.name: &apos;Windows 10&apos;, os.arch: &apos;amd64&apos;, os.version: &apos;10.0&apos;, java.version: &apos;1.8.0_121&apos;
Driver info: org.openqa.selenium.ie.InternetExplorerDriver
Capabilities [{browserAttachTimeout=0.0, ie.enableFullPageScreenshot=true, enablePersistentHover=true, ie.forceCreateProcessApi=false, ie.forceShellWindowsApi=false, pageLoadStrategy=normal, ignoreZoomSetting=false, ie.fileUploadDialogTimeout=3000.0, version=11, platform=WINDOWS, nativeEvents=true, ie.ensureCleanSession=false, elementScrollBehavior=0.0, ie.browserCommandLineSwitches=, requireWindowFocus=false, browserName=internet explorer, initialBrowserUrl=http://localhost:10481/, javascriptEnabled=true, ignoreProtectedModeSettings=true, enableElementCacheCleanup=true, unexpectedAlertBehaviour=dismiss}]
Session ID: 19795708-6f41-49c9-9e21-2c9baa48e350
*** Element info: {Using=xpath, value=//a[contains(text(),&apos;Sign in&apos;)]}
	at org.openqa.selenium.remote.ErrorHandler.createThrowable(ErrorHandler.java:215)
	at org.openqa.selenium.remote.ErrorHandler.throwIfResponseFailed(ErrorHandler.java:167)
	at org.openqa.selenium.remote.RemoteWebDriver.execute(RemoteWebDriver.java:671)
	at org.openqa.selenium.remote.RemoteWebDriver.findElement(RemoteWebDriver.java:410)
	at org.openqa.selenium.remote.RemoteWebDriver.findElementByXPath(RemoteWebDriver.java:509)
	at org.openqa.selenium.By$ByXPath.findElement(By.java:361)
	at org.openqa.selenium.remote.RemoteWebDriver.findElement(RemoteWebDriver.java:402)
	at com.auto.PageClasses.AutoPracticeLoginPage.enterUnameAndPswd(AutoPracticeLoginPage.java:32)
	at StepDefIE.AutoStepDefIE.user_enter_userid_and_passwod(AutoStepDefIE.java:37)
	at ?.When User enter userid and passwod(src/test/java/Feat/autosite.feature:5)
... Removed 29 stack frames</div></td></tr></table><p class="totop"><a href="#summary">back to summary</a></p><h3 id="m10">Pages.RunHomeAndLogin#addressPage</h3><table class="result"></table><p class="totop"><a href="#summary">back to summary</a></p><h3 id="m11">Pages.RunHomeAndLogin#homePage</h3><table class="result"></table><p class="totop"><a href="#summary">back to summary</a></p><h3 id="m12">Pages.RunHomeAndLogin#loginPage</h3><table class="result"></table><p class="totop"><a href="#summary">back to summary</a></p><h3 id="m13">Pages.RunHomeAndLogin#orderPage</h3><table class="result"></table><p class="totop"><a href="#summary">back to summary</a></p></body></html>