<?xml version="1.0" encoding="UTF-8"?>
<testng-results skipped="0" failed="2" ignored="0" total="14" passed="12">
  <reporter-output>
  </reporter-output>
  <suite name="Suite" duration-ms="1265128" started-at="2017-05-22T21:28:52Z" finished-at="2017-05-22T21:49:57Z">
    <groups>
      <group name="cucumber">
        <method signature="AbstractTestNGCucumberTests.feature(cucumber.api.testng.CucumberFeatureWrapper)[pri:0, instance:Runners.autoRunnerFox@57855c9a]" name="feature" class="cucumber.api.testng.AbstractTestNGCucumberTests"/>
        <method signature="AbstractTestNGCucumberTests.feature(cucumber.api.testng.CucumberFeatureWrapper)[pri:0, instance:Runners.autoRunnerChrome@10bbd20a]" name="feature" class="cucumber.api.testng.AbstractTestNGCucumberTests"/>
        <method signature="AbstractTestNGCucumberTests.feature(cucumber.api.testng.CucumberFeatureWrapper)[pri:0, instance:com.dtt.tests.dttRun@48503868]" name="feature" class="cucumber.api.testng.AbstractTestNGCucumberTests"/>
        <method signature="AbstractTestNGCucumberTests.feature(cucumber.api.testng.CucumberFeatureWrapper)[pri:0, instance:Runners.AddAddressRunner@e320068]" name="feature" class="cucumber.api.testng.AbstractTestNGCucumberTests"/>
        <method signature="AbstractTestNGCucumberTests.feature(cucumber.api.testng.CucumberFeatureWrapper)[pri:0, instance:com.dtt.tests.dttPOMRunner@536aaa8d]" name="feature" class="cucumber.api.testng.AbstractTestNGCucumberTests"/>
        <method signature="AbstractTestNGCucumberTests.feature(cucumber.api.testng.CucumberFeatureWrapper)[pri:0, instance:Runners.autoRunnerIE@4232c52b]" name="feature" class="cucumber.api.testng.AbstractTestNGCucumberTests"/>
      </group> <!-- cucumber -->
    </groups>
    <test name="FoxTest" duration-ms="254391" started-at="2017-05-22T21:28:52Z" finished-at="2017-05-22T21:33:07Z">
      <class name="Pages.RunHomeAndLogin">
        <test-method status="PASS" signature="loginPage()[pri:1, instance:Pages.RunHomeAndLogin@3b084709]" name="loginPage" duration-ms="56045" started-at="2017-05-22T22:31:11Z" finished-at="2017-05-22T22:32:07Z">
          <reporter-output>
          </reporter-output>
        </test-method> <!-- loginPage -->
        <test-method status="PASS" signature="closeDown(org.testng.ITestResult)[pri:0, instance:Pages.RunHomeAndLogin@3b084709]" name="closeDown" is-config="true" duration-ms="3" started-at="2017-05-22T22:32:07Z" finished-at="2017-05-22T22:32:07Z">
          <params>
            <param index="0">
              <value>
                <![CDATA[[TestResult name=loginPage status=SUCCESS method=RunHomeAndLogin.loginPage()[pri:1, instance:Pages.RunHomeAndLogin@3b084709] output={null}]]]>
              </value>
            </param>
          </params>
          <reporter-output>
          </reporter-output>
        </test-method> <!-- closeDown -->
        <test-method status="PASS" signature="homePage()[pri:2, instance:Pages.RunHomeAndLogin@3b084709]" name="homePage" duration-ms="18824" started-at="2017-05-22T22:32:07Z" finished-at="2017-05-22T22:32:26Z">
          <reporter-output>
          </reporter-output>
        </test-method> <!-- homePage -->
        <test-method status="PASS" signature="closeDown(org.testng.ITestResult)[pri:0, instance:Pages.RunHomeAndLogin@3b084709]" name="closeDown" is-config="true" duration-ms="0" started-at="2017-05-22T22:32:26Z" finished-at="2017-05-22T22:32:26Z">
          <params>
            <param index="0">
              <value>
                <![CDATA[[TestResult name=homePage status=SUCCESS method=RunHomeAndLogin.homePage()[pri:2, instance:Pages.RunHomeAndLogin@3b084709] output={null}]]]>
              </value>
            </param>
          </params>
          <reporter-output>
          </reporter-output>
        </test-method> <!-- closeDown -->
        <test-method status="PASS" signature="orderPage()[pri:3, instance:Pages.RunHomeAndLogin@3b084709]" name="orderPage" duration-ms="9632" started-at="2017-05-22T22:32:26Z" finished-at="2017-05-22T22:32:36Z">
          <reporter-output>
          </reporter-output>
        </test-method> <!-- orderPage -->
        <test-method status="PASS" signature="closeDown(org.testng.ITestResult)[pri:0, instance:Pages.RunHomeAndLogin@3b084709]" name="closeDown" is-config="true" duration-ms="1" started-at="2017-05-22T22:32:36Z" finished-at="2017-05-22T22:32:36Z">
          <params>
            <param index="0">
              <value>
                <![CDATA[[TestResult name=orderPage status=SUCCESS method=RunHomeAndLogin.orderPage()[pri:3, instance:Pages.RunHomeAndLogin@3b084709] output={null}]]]>
              </value>
            </param>
          </params>
          <reporter-output>
          </reporter-output>
        </test-method> <!-- closeDown -->
        <test-method status="PASS" signature="addressPage()[pri:4, instance:Pages.RunHomeAndLogin@3b084709]" name="addressPage" duration-ms="31028" started-at="2017-05-22T22:32:36Z" finished-at="2017-05-22T22:33:07Z">
          <reporter-output>
          </reporter-output>
        </test-method> <!-- addressPage -->
        <test-method status="PASS" signature="closeDown(org.testng.ITestResult)[pri:0, instance:Pages.RunHomeAndLogin@3b084709]" name="closeDown" is-config="true" duration-ms="1" started-at="2017-05-22T22:33:07Z" finished-at="2017-05-22T22:33:07Z">
          <params>
            <param index="0">
              <value>
                <![CDATA[[TestResult name=addressPage status=SUCCESS method=RunHomeAndLogin.addressPage()[pri:4, instance:Pages.RunHomeAndLogin@3b084709] output={null}]]]>
              </value>
            </param>
          </params>
          <reporter-output>
          </reporter-output>
        </test-method> <!-- closeDown -->
      </class> <!-- Pages.RunHomeAndLogin -->
      <class name="Runners.autoRunnerFox">
        <test-method status="PASS" signature="setUpClass()[pri:0, instance:Runners.autoRunnerFox@57855c9a]" name="setUpClass" is-config="true" duration-ms="6033" started-at="2017-05-22T22:28:52Z" finished-at="2017-05-22T22:28:59Z">
          <reporter-output>
          </reporter-output>
        </test-method> <!-- setUpClass -->
        <test-method status="PASS" signature="feature(cucumber.api.testng.CucumberFeatureWrapper)[pri:0, instance:Runners.autoRunnerFox@57855c9a]" name="feature" duration-ms="131834" started-at="2017-05-22T22:28:59Z" description="Runs Cucumber Feature" data-provider="features" finished-at="2017-05-22T22:31:11Z">
          <params>
            <param index="0">
              <value>
                <![CDATA[Login and out of automation Practice website.]]>
              </value>
            </param>
          </params>
          <reporter-output>
          </reporter-output>
        </test-method> <!-- feature -->
        <test-method status="PASS" signature="tearDownClass()[pri:0, instance:Runners.autoRunnerFox@57855c9a]" name="tearDownClass" is-config="true" duration-ms="275" started-at="2017-05-22T22:31:11Z" finished-at="2017-05-22T22:31:11Z">
          <reporter-output>
          </reporter-output>
        </test-method> <!-- tearDownClass -->
      </class> <!-- Runners.autoRunnerFox -->
    </test> <!-- FoxTest -->
    <test name="ChromeTest" duration-ms="97389" started-at="2017-05-22T21:33:07Z" finished-at="2017-05-22T21:34:44Z">
      <class name="Runners.autoRunnerChrome">
        <test-method status="PASS" signature="setUpClass()[pri:0, instance:Runners.autoRunnerChrome@10bbd20a]" name="setUpClass" is-config="true" duration-ms="154" started-at="2017-05-22T22:33:07Z" finished-at="2017-05-22T22:33:07Z">
          <reporter-output>
          </reporter-output>
        </test-method> <!-- setUpClass -->
        <test-method status="PASS" signature="feature(cucumber.api.testng.CucumberFeatureWrapper)[pri:0, instance:Runners.autoRunnerChrome@10bbd20a]" name="feature" duration-ms="54367" started-at="2017-05-22T22:33:07Z" description="Runs Cucumber Feature" data-provider="features" finished-at="2017-05-22T22:34:02Z">
          <params>
            <param index="0">
              <value>
                <![CDATA[Login and out of automation Practice website.]]>
              </value>
            </param>
          </params>
          <reporter-output>
          </reporter-output>
        </test-method> <!-- feature -->
        <test-method status="PASS" signature="tearDownClass()[pri:0, instance:Runners.autoRunnerChrome@10bbd20a]" name="tearDownClass" is-config="true" duration-ms="24" started-at="2017-05-22T22:34:02Z" finished-at="2017-05-22T22:34:02Z">
          <reporter-output>
          </reporter-output>
        </test-method> <!-- tearDownClass -->
      </class> <!-- Runners.autoRunnerChrome -->
      <class name="com.dtt.tests.dttRun">
        <test-method status="PASS" signature="setUpClass()[pri:0, instance:com.dtt.tests.dttRun@48503868]" name="setUpClass" is-config="true" duration-ms="885" started-at="2017-05-22T22:34:02Z" finished-at="2017-05-22T22:34:02Z">
          <reporter-output>
          </reporter-output>
        </test-method> <!-- setUpClass -->
        <test-method status="PASS" signature="feature(cucumber.api.testng.CucumberFeatureWrapper)[pri:0, instance:com.dtt.tests.dttRun@48503868]" name="feature" duration-ms="41834" started-at="2017-05-22T22:34:02Z" description="Runs Cucumber Feature" data-provider="features" finished-at="2017-05-22T22:34:44Z">
          <params>
            <param index="0">
              <value>
                <![CDATA[Login and Out of DTT Site]]>
              </value>
            </param>
          </params>
          <reporter-output>
          </reporter-output>
        </test-method> <!-- feature -->
        <test-method status="PASS" signature="tearDownClass()[pri:0, instance:com.dtt.tests.dttRun@48503868]" name="tearDownClass" is-config="true" duration-ms="14" started-at="2017-05-22T22:34:44Z" finished-at="2017-05-22T22:34:44Z">
          <reporter-output>
          </reporter-output>
        </test-method> <!-- tearDownClass -->
      </class> <!-- com.dtt.tests.dttRun -->
    </test> <!-- ChromeTest -->
    <test name="OperaTest" duration-ms="791370" started-at="2017-05-22T21:34:45Z" finished-at="2017-05-22T21:47:56Z">
      <class name="Runners.AddAddressRunner">
        <test-method status="PASS" signature="setUpClass()[pri:0, instance:Runners.AddAddressRunner@e320068]" name="setUpClass" is-config="true" duration-ms="60" started-at="2017-05-22T22:36:40Z" finished-at="2017-05-22T22:36:40Z">
          <reporter-output>
          </reporter-output>
        </test-method> <!-- setUpClass -->
        <test-method status="PASS" signature="feature(cucumber.api.testng.CucumberFeatureWrapper)[pri:0, instance:Runners.AddAddressRunner@e320068]" name="feature" duration-ms="675781" started-at="2017-05-22T22:36:40Z" description="Runs Cucumber Feature" data-provider="features" finished-at="2017-05-22T22:47:56Z">
          <params>
            <param index="0">
              <value>
                <![CDATA[Registered Users Can Add and delete added Address.]]>
              </value>
            </param>
          </params>
          <reporter-output>
          </reporter-output>
        </test-method> <!-- feature -->
        <test-method status="PASS" signature="tearDownClass()[pri:0, instance:Runners.AddAddressRunner@e320068]" name="tearDownClass" is-config="true" duration-ms="21" started-at="2017-05-22T22:47:56Z" finished-at="2017-05-22T22:47:56Z">
          <reporter-output>
          </reporter-output>
        </test-method> <!-- tearDownClass -->
      </class> <!-- Runners.AddAddressRunner -->
      <class name="com.dtt.tests.dttPOMRunner">
        <test-method status="PASS" signature="setUpClass()[pri:0, instance:com.dtt.tests.dttPOMRunner@536aaa8d]" name="setUpClass" is-config="true" duration-ms="126" started-at="2017-05-22T22:34:45Z" finished-at="2017-05-22T22:34:45Z">
          <reporter-output>
          </reporter-output>
        </test-method> <!-- setUpClass -->
        <test-method status="FAIL" signature="feature(cucumber.api.testng.CucumberFeatureWrapper)[pri:0, instance:com.dtt.tests.dttPOMRunner@536aaa8d]" name="feature" duration-ms="115082" started-at="2017-05-22T22:34:45Z" description="Runs Cucumber Feature" data-provider="features" finished-at="2017-05-22T22:36:40Z">
          <params>
            <param index="0">
              <value>
                <![CDATA[Login to dt&t site and assert Page contents]]>
              </value>
            </param>
          </params>
          <exception class="cucumber.runtime.CucumberException">
            <message>
              <![CDATA[org.openqa.selenium.NoSuchElementException: Unable to find element with id == txtEmail (WARNING: The server did not provide any stacktrace information)
Command duration or timeout: 7.32 seconds
For documentation on this error, please visit: http://seleniumhq.org/exceptions/no_such_element.html
Build info: version: '3.4.0', revision: 'unknown', time: 'unknown'
System info: host: 'NASATIC-ACER', ip: '192.168.1.5', os.name: 'Windows 10', os.arch: 'amd64', os.version: '10.0', java.version: '1.8.0_121'
Driver info: org.openqa.selenium.ie.InternetExplorerDriver
Capabilities [{browserAttachTimeout=0.0, ie.enableFullPageScreenshot=true, enablePersistentHover=true, ie.forceCreateProcessApi=false, ie.forceShellWindowsApi=false, pageLoadStrategy=normal, ignoreZoomSetting=false, ie.fileUploadDialogTimeout=3000.0, version=11, platform=WINDOWS, nativeEvents=true, ie.ensureCleanSession=false, elementScrollBehavior=0.0, ie.browserCommandLineSwitches=, requireWindowFocus=false, browserName=internet explorer, initialBrowserUrl=http://localhost:20290/, javascriptEnabled=true, ignoreProtectedModeSettings=true, enableElementCacheCleanup=true, unexpectedAlertBehaviour=dismiss}]
Session ID: 8277e340-0ecb-4f9c-aac1-1d1816bc5a38
*** Element info: {Using=id, value=txtEmail}]]>
            </message>
            <full-stacktrace>
              <![CDATA[cucumber.runtime.CucumberException: org.openqa.selenium.NoSuchElementException: Unable to find element with id == txtEmail (WARNING: The server did not provide any stacktrace information)
Command duration or timeout: 7.32 seconds
For documentation on this error, please visit: http://seleniumhq.org/exceptions/no_such_element.html
Build info: version: '3.4.0', revision: 'unknown', time: 'unknown'
System info: host: 'NASATIC-ACER', ip: '192.168.1.5', os.name: 'Windows 10', os.arch: 'amd64', os.version: '10.0', java.version: '1.8.0_121'
Driver info: org.openqa.selenium.ie.InternetExplorerDriver
Capabilities [{browserAttachTimeout=0.0, ie.enableFullPageScreenshot=true, enablePersistentHover=true, ie.forceCreateProcessApi=false, ie.forceShellWindowsApi=false, pageLoadStrategy=normal, ignoreZoomSetting=false, ie.fileUploadDialogTimeout=3000.0, version=11, platform=WINDOWS, nativeEvents=true, ie.ensureCleanSession=false, elementScrollBehavior=0.0, ie.browserCommandLineSwitches=, requireWindowFocus=false, browserName=internet explorer, initialBrowserUrl=http://localhost:20290/, javascriptEnabled=true, ignoreProtectedModeSettings=true, enableElementCacheCleanup=true, unexpectedAlertBehaviour=dismiss}]
Session ID: 8277e340-0ecb-4f9c-aac1-1d1816bc5a38
*** Element info: {Using=id, value=txtEmail}
	at cucumber.api.testng.TestNGCucumberRunner.runCucumber(TestNGCucumberRunner.java:69)
	at cucumber.api.testng.AbstractTestNGCucumberTests.feature(AbstractTestNGCucumberTests.java:21)
	at sun.reflect.NativeMethodAccessorImpl.invoke0(Native Method)
	at sun.reflect.NativeMethodAccessorImpl.invoke(Unknown Source)
	at sun.reflect.DelegatingMethodAccessorImpl.invoke(Unknown Source)
	at java.lang.reflect.Method.invoke(Unknown Source)
	at org.testng.internal.MethodInvocationHelper.invokeMethod(MethodInvocationHelper.java:108)
	at org.testng.internal.Invoker.invokeMethod(Invoker.java:661)
	at org.testng.internal.Invoker.invokeTestMethod(Invoker.java:869)
	at org.testng.internal.Invoker.invokeTestMethods(Invoker.java:1193)
	at org.testng.internal.TestMethodWorker.invokeTestMethods(TestMethodWorker.java:126)
	at org.testng.internal.TestMethodWorker.run(TestMethodWorker.java:109)
	at org.testng.TestRunner.privateRun(TestRunner.java:744)
	at org.testng.TestRunner.run(TestRunner.java:602)
	at org.testng.SuiteRunner.runTest(SuiteRunner.java:380)
	at org.testng.SuiteRunner.runSequentially(SuiteRunner.java:375)
	at org.testng.SuiteRunner.privateRun(SuiteRunner.java:340)
	at org.testng.SuiteRunner.run(SuiteRunner.java:289)
	at org.testng.SuiteRunnerWorker.runSuite(SuiteRunnerWorker.java:52)
	at org.testng.SuiteRunnerWorker.run(SuiteRunnerWorker.java:86)
	at org.testng.TestNG.runSuitesSequentially(TestNG.java:1301)
	at org.testng.TestNG.runSuitesLocally(TestNG.java:1226)
	at org.testng.TestNG.runSuites(TestNG.java:1144)
	at org.testng.TestNG.run(TestNG.java:1115)
	at org.testng.remote.AbstractRemoteTestNG.run(AbstractRemoteTestNG.java:132)
	at org.testng.remote.RemoteTestNG.initAndRun(RemoteTestNG.java:230)
	at org.testng.remote.RemoteTestNG.main(RemoteTestNG.java:76)
Caused by: org.openqa.selenium.NoSuchElementException: Unable to find element with id == txtEmail (WARNING: The server did not provide any stacktrace information)
Command duration or timeout: 7.32 seconds
For documentation on this error, please visit: http://seleniumhq.org/exceptions/no_such_element.html
Build info: version: '3.4.0', revision: 'unknown', time: 'unknown'
System info: host: 'NASATIC-ACER', ip: '192.168.1.5', os.name: 'Windows 10', os.arch: 'amd64', os.version: '10.0', java.version: '1.8.0_121'
Driver info: org.openqa.selenium.ie.InternetExplorerDriver
Capabilities [{browserAttachTimeout=0.0, ie.enableFullPageScreenshot=true, enablePersistentHover=true, ie.forceCreateProcessApi=false, ie.forceShellWindowsApi=false, pageLoadStrategy=normal, ignoreZoomSetting=false, ie.fileUploadDialogTimeout=3000.0, version=11, platform=WINDOWS, nativeEvents=true, ie.ensureCleanSession=false, elementScrollBehavior=0.0, ie.browserCommandLineSwitches=, requireWindowFocus=false, browserName=internet explorer, initialBrowserUrl=http://localhost:20290/, javascriptEnabled=true, ignoreProtectedModeSettings=true, enableElementCacheCleanup=true, unexpectedAlertBehaviour=dismiss}]
Session ID: 8277e340-0ecb-4f9c-aac1-1d1816bc5a38
*** Element info: {Using=id, value=txtEmail}
	at sun.reflect.NativeConstructorAccessorImpl.newInstance0(Native Method)
	at sun.reflect.NativeConstructorAccessorImpl.newInstance(Unknown Source)
	at sun.reflect.DelegatingConstructorAccessorImpl.newInstance(Unknown Source)
	at java.lang.reflect.Constructor.newInstance(Unknown Source)
	at org.openqa.selenium.remote.ErrorHandler.createThrowable(ErrorHandler.java:215)
	at org.openqa.selenium.remote.ErrorHandler.throwIfResponseFailed(ErrorHandler.java:167)
	at org.openqa.selenium.remote.RemoteWebDriver.execute(RemoteWebDriver.java:671)
	at org.openqa.selenium.remote.RemoteWebDriver.findElement(RemoteWebDriver.java:410)
	at org.openqa.selenium.remote.RemoteWebDriver.findElementById(RemoteWebDriver.java:453)
	at org.openqa.selenium.By$ById.findElement(By.java:218)
	at org.openqa.selenium.remote.RemoteWebDriver.findElement(RemoteWebDriver.java:402)
	at com.dtt.tests.dttLoginPage.sendEmailandPword(dttLoginPage.java:32)
	at StepDef.dttPOMStepDef.user_is_still_logged_on(dttPOMStepDef.java:69)
	at ✽.Given user is still logged on(src/test/java/Feat/dttPOM.feature:12)
]]>
            </full-stacktrace>
          </exception> <!-- cucumber.runtime.CucumberException -->
          <reporter-output>
          </reporter-output>
        </test-method> <!-- feature -->
        <test-method status="PASS" signature="tearDownClass()[pri:0, instance:com.dtt.tests.dttPOMRunner@536aaa8d]" name="tearDownClass" is-config="true" duration-ms="20" started-at="2017-05-22T22:36:40Z" finished-at="2017-05-22T22:36:40Z">
          <reporter-output>
          </reporter-output>
        </test-method> <!-- tearDownClass -->
      </class> <!-- com.dtt.tests.dttPOMRunner -->
    </test> <!-- OperaTest -->
    <test name="IETest" duration-ms="121400" started-at="2017-05-22T21:47:56Z" finished-at="2017-05-22T21:49:57Z">
      <class name="Runners.autoRunnerIE">
        <test-method status="PASS" signature="setUpClass()[pri:0, instance:Runners.autoRunnerIE@4232c52b]" name="setUpClass" is-config="true" duration-ms="243" started-at="2017-05-22T22:47:56Z" finished-at="2017-05-22T22:47:56Z">
          <reporter-output>
          </reporter-output>
        </test-method> <!-- setUpClass -->
        <test-method status="FAIL" signature="feature(cucumber.api.testng.CucumberFeatureWrapper)[pri:0, instance:Runners.autoRunnerIE@4232c52b]" name="feature" duration-ms="17383" started-at="2017-05-22T22:47:56Z" description="Runs Cucumber Feature" data-provider="features" finished-at="2017-05-22T22:48:14Z">
          <params>
            <param index="0">
              <value>
                <![CDATA[Login and out of automation Practice website.]]>
              </value>
            </param>
          </params>
          <exception class="cucumber.runtime.CucumberException">
            <message>
              <![CDATA[org.openqa.selenium.NoSuchElementException: Unable to find element with xpath == //a[contains(text(),'Sign in')] (WARNING: The server did not provide any stacktrace information)
Command duration or timeout: 7.11 seconds
For documentation on this error, please visit: http://seleniumhq.org/exceptions/no_such_element.html
Build info: version: '3.4.0', revision: 'unknown', time: 'unknown'
System info: host: 'NASATIC-ACER', ip: '192.168.1.5', os.name: 'Windows 10', os.arch: 'amd64', os.version: '10.0', java.version: '1.8.0_121'
Driver info: org.openqa.selenium.ie.InternetExplorerDriver
Capabilities [{browserAttachTimeout=0.0, ie.enableFullPageScreenshot=true, enablePersistentHover=true, ie.forceCreateProcessApi=false, ie.forceShellWindowsApi=false, pageLoadStrategy=normal, ignoreZoomSetting=false, ie.fileUploadDialogTimeout=3000.0, version=11, platform=WINDOWS, nativeEvents=true, ie.ensureCleanSession=false, elementScrollBehavior=0.0, ie.browserCommandLineSwitches=, requireWindowFocus=false, browserName=internet explorer, initialBrowserUrl=http://localhost:10481/, javascriptEnabled=true, ignoreProtectedModeSettings=true, enableElementCacheCleanup=true, unexpectedAlertBehaviour=dismiss}]
Session ID: 19795708-6f41-49c9-9e21-2c9baa48e350
*** Element info: {Using=xpath, value=//a[contains(text(),'Sign in')]}]]>
            </message>
            <full-stacktrace>
              <![CDATA[cucumber.runtime.CucumberException: org.openqa.selenium.NoSuchElementException: Unable to find element with xpath == //a[contains(text(),'Sign in')] (WARNING: The server did not provide any stacktrace information)
Command duration or timeout: 7.11 seconds
For documentation on this error, please visit: http://seleniumhq.org/exceptions/no_such_element.html
Build info: version: '3.4.0', revision: 'unknown', time: 'unknown'
System info: host: 'NASATIC-ACER', ip: '192.168.1.5', os.name: 'Windows 10', os.arch: 'amd64', os.version: '10.0', java.version: '1.8.0_121'
Driver info: org.openqa.selenium.ie.InternetExplorerDriver
Capabilities [{browserAttachTimeout=0.0, ie.enableFullPageScreenshot=true, enablePersistentHover=true, ie.forceCreateProcessApi=false, ie.forceShellWindowsApi=false, pageLoadStrategy=normal, ignoreZoomSetting=false, ie.fileUploadDialogTimeout=3000.0, version=11, platform=WINDOWS, nativeEvents=true, ie.ensureCleanSession=false, elementScrollBehavior=0.0, ie.browserCommandLineSwitches=, requireWindowFocus=false, browserName=internet explorer, initialBrowserUrl=http://localhost:10481/, javascriptEnabled=true, ignoreProtectedModeSettings=true, enableElementCacheCleanup=true, unexpectedAlertBehaviour=dismiss}]
Session ID: 19795708-6f41-49c9-9e21-2c9baa48e350
*** Element info: {Using=xpath, value=//a[contains(text(),'Sign in')]}
	at cucumber.api.testng.TestNGCucumberRunner.runCucumber(TestNGCucumberRunner.java:69)
	at cucumber.api.testng.AbstractTestNGCucumberTests.feature(AbstractTestNGCucumberTests.java:21)
	at sun.reflect.NativeMethodAccessorImpl.invoke0(Native Method)
	at sun.reflect.NativeMethodAccessorImpl.invoke(Unknown Source)
	at sun.reflect.DelegatingMethodAccessorImpl.invoke(Unknown Source)
	at java.lang.reflect.Method.invoke(Unknown Source)
	at org.testng.internal.MethodInvocationHelper.invokeMethod(MethodInvocationHelper.java:108)
	at org.testng.internal.Invoker.invokeMethod(Invoker.java:661)
	at org.testng.internal.Invoker.invokeTestMethod(Invoker.java:869)
	at org.testng.internal.Invoker.invokeTestMethods(Invoker.java:1193)
	at org.testng.internal.TestMethodWorker.invokeTestMethods(TestMethodWorker.java:126)
	at org.testng.internal.TestMethodWorker.run(TestMethodWorker.java:109)
	at org.testng.TestRunner.privateRun(TestRunner.java:744)
	at org.testng.TestRunner.run(TestRunner.java:602)
	at org.testng.SuiteRunner.runTest(SuiteRunner.java:380)
	at org.testng.SuiteRunner.runSequentially(SuiteRunner.java:375)
	at org.testng.SuiteRunner.privateRun(SuiteRunner.java:340)
	at org.testng.SuiteRunner.run(SuiteRunner.java:289)
	at org.testng.SuiteRunnerWorker.runSuite(SuiteRunnerWorker.java:52)
	at org.testng.SuiteRunnerWorker.run(SuiteRunnerWorker.java:86)
	at org.testng.TestNG.runSuitesSequentially(TestNG.java:1301)
	at org.testng.TestNG.runSuitesLocally(TestNG.java:1226)
	at org.testng.TestNG.runSuites(TestNG.java:1144)
	at org.testng.TestNG.run(TestNG.java:1115)
	at org.testng.remote.AbstractRemoteTestNG.run(AbstractRemoteTestNG.java:132)
	at org.testng.remote.RemoteTestNG.initAndRun(RemoteTestNG.java:230)
	at org.testng.remote.RemoteTestNG.main(RemoteTestNG.java:76)
Caused by: org.openqa.selenium.NoSuchElementException: Unable to find element with xpath == //a[contains(text(),'Sign in')] (WARNING: The server did not provide any stacktrace information)
Command duration or timeout: 7.11 seconds
For documentation on this error, please visit: http://seleniumhq.org/exceptions/no_such_element.html
Build info: version: '3.4.0', revision: 'unknown', time: 'unknown'
System info: host: 'NASATIC-ACER', ip: '192.168.1.5', os.name: 'Windows 10', os.arch: 'amd64', os.version: '10.0', java.version: '1.8.0_121'
Driver info: org.openqa.selenium.ie.InternetExplorerDriver
Capabilities [{browserAttachTimeout=0.0, ie.enableFullPageScreenshot=true, enablePersistentHover=true, ie.forceCreateProcessApi=false, ie.forceShellWindowsApi=false, pageLoadStrategy=normal, ignoreZoomSetting=false, ie.fileUploadDialogTimeout=3000.0, version=11, platform=WINDOWS, nativeEvents=true, ie.ensureCleanSession=false, elementScrollBehavior=0.0, ie.browserCommandLineSwitches=, requireWindowFocus=false, browserName=internet explorer, initialBrowserUrl=http://localhost:10481/, javascriptEnabled=true, ignoreProtectedModeSettings=true, enableElementCacheCleanup=true, unexpectedAlertBehaviour=dismiss}]
Session ID: 19795708-6f41-49c9-9e21-2c9baa48e350
*** Element info: {Using=xpath, value=//a[contains(text(),'Sign in')]}
	at sun.reflect.NativeConstructorAccessorImpl.newInstance0(Native Method)
	at sun.reflect.NativeConstructorAccessorImpl.newInstance(Unknown Source)
	at sun.reflect.DelegatingConstructorAccessorImpl.newInstance(Unknown Source)
	at java.lang.reflect.Constructor.newInstance(Unknown Source)
	at org.openqa.selenium.remote.ErrorHandler.createThrowable(ErrorHandler.java:215)
	at org.openqa.selenium.remote.ErrorHandler.throwIfResponseFailed(ErrorHandler.java:167)
	at org.openqa.selenium.remote.RemoteWebDriver.execute(RemoteWebDriver.java:671)
	at org.openqa.selenium.remote.RemoteWebDriver.findElement(RemoteWebDriver.java:410)
	at org.openqa.selenium.remote.RemoteWebDriver.findElementByXPath(RemoteWebDriver.java:509)
	at org.openqa.selenium.By$ByXPath.findElement(By.java:361)
	at org.openqa.selenium.remote.RemoteWebDriver.findElement(RemoteWebDriver.java:402)
	at com.auto.PageClasses.AutoPracticeLoginPage.enterUnameAndPswd(AutoPracticeLoginPage.java:32)
	at StepDefIE.AutoStepDefIE.user_enter_userid_and_passwod(AutoStepDefIE.java:37)
	at ✽.When User enter userid and passwod(src/test/java/Feat/autosite.feature:5)
]]>
            </full-stacktrace>
          </exception> <!-- cucumber.runtime.CucumberException -->
          <reporter-output>
          </reporter-output>
        </test-method> <!-- feature -->
        <test-method status="PASS" signature="tearDownClass()[pri:0, instance:Runners.autoRunnerIE@4232c52b]" name="tearDownClass" is-config="true" duration-ms="75" started-at="2017-05-22T22:48:14Z" finished-at="2017-05-22T22:48:14Z">
          <reporter-output>
          </reporter-output>
        </test-method> <!-- tearDownClass -->
      </class> <!-- Runners.autoRunnerIE -->
      <class name="Pages.RunHomeAndLogin">
        <test-method status="PASS" signature="loginPage()[pri:1, instance:Pages.RunHomeAndLogin@1877ab81]" name="loginPage" duration-ms="45868" started-at="2017-05-22T22:48:14Z" finished-at="2017-05-22T22:49:00Z">
          <reporter-output>
          </reporter-output>
        </test-method> <!-- loginPage -->
        <test-method status="PASS" signature="closeDown(org.testng.ITestResult)[pri:0, instance:Pages.RunHomeAndLogin@1877ab81]" name="closeDown" is-config="true" duration-ms="1" started-at="2017-05-22T22:49:00Z" finished-at="2017-05-22T22:49:00Z">
          <params>
            <param index="0">
              <value>
                <![CDATA[[TestResult name=loginPage status=SUCCESS method=RunHomeAndLogin.loginPage()[pri:1, instance:Pages.RunHomeAndLogin@1877ab81] output={null}]]]>
              </value>
            </param>
          </params>
          <reporter-output>
          </reporter-output>
        </test-method> <!-- closeDown -->
        <test-method status="PASS" signature="homePage()[pri:2, instance:Pages.RunHomeAndLogin@1877ab81]" name="homePage" duration-ms="18901" started-at="2017-05-22T22:49:00Z" finished-at="2017-05-22T22:49:19Z">
          <reporter-output>
          </reporter-output>
        </test-method> <!-- homePage -->
        <test-method status="PASS" signature="closeDown(org.testng.ITestResult)[pri:0, instance:Pages.RunHomeAndLogin@1877ab81]" name="closeDown" is-config="true" duration-ms="7" started-at="2017-05-22T22:49:19Z" finished-at="2017-05-22T22:49:19Z">
          <params>
            <param index="0">
              <value>
                <![CDATA[[TestResult name=homePage status=SUCCESS method=RunHomeAndLogin.homePage()[pri:2, instance:Pages.RunHomeAndLogin@1877ab81] output={null}]]]>
              </value>
            </param>
          </params>
          <reporter-output>
          </reporter-output>
        </test-method> <!-- closeDown -->
        <test-method status="PASS" signature="orderPage()[pri:3, instance:Pages.RunHomeAndLogin@1877ab81]" name="orderPage" duration-ms="9193" started-at="2017-05-22T22:49:19Z" finished-at="2017-05-22T22:49:28Z">
          <reporter-output>
          </reporter-output>
        </test-method> <!-- orderPage -->
        <test-method status="PASS" signature="closeDown(org.testng.ITestResult)[pri:0, instance:Pages.RunHomeAndLogin@1877ab81]" name="closeDown" is-config="true" duration-ms="1" started-at="2017-05-22T22:49:28Z" finished-at="2017-05-22T22:49:28Z">
          <params>
            <param index="0">
              <value>
                <![CDATA[[TestResult name=orderPage status=SUCCESS method=RunHomeAndLogin.orderPage()[pri:3, instance:Pages.RunHomeAndLogin@1877ab81] output={null}]]]>
              </value>
            </param>
          </params>
          <reporter-output>
          </reporter-output>
        </test-method> <!-- closeDown -->
        <test-method status="PASS" signature="addressPage()[pri:4, instance:Pages.RunHomeAndLogin@1877ab81]" name="addressPage" duration-ms="29681" started-at="2017-05-22T22:49:28Z" finished-at="2017-05-22T22:49:57Z">
          <reporter-output>
          </reporter-output>
        </test-method> <!-- addressPage -->
        <test-method status="PASS" signature="closeDown(org.testng.ITestResult)[pri:0, instance:Pages.RunHomeAndLogin@1877ab81]" name="closeDown" is-config="true" duration-ms="1" started-at="2017-05-22T22:49:57Z" finished-at="2017-05-22T22:49:57Z">
          <params>
            <param index="0">
              <value>
                <![CDATA[[TestResult name=addressPage status=SUCCESS method=RunHomeAndLogin.addressPage()[pri:4, instance:Pages.RunHomeAndLogin@1877ab81] output={null}]]]>
              </value>
            </param>
          </params>
          <reporter-output>
          </reporter-output>
        </test-method> <!-- closeDown -->
      </class> <!-- Pages.RunHomeAndLogin -->
    </test> <!-- IETest -->
  </suite> <!-- Suite -->
</testng-results>
